==357271== Memcheck, a memory error detector
==357271== Copyright (C) 2002-2022, and GNU GPL'd, by Julian Seward et al.
==357271== Using Valgrind-3.19.0 and LibVEX; rerun with -h for copyright info
==357271== Command: ./minishell
==357271== 
> > > exit
==357271== 
==357271== FILE DESCRIPTORS: 3 open (3 std) at exit.
==357271== 
==357271== HEAP SUMMARY:
==357271==     in use at exit: 232,351 bytes in 244 blocks
==357271==   total heap usage: 528 allocs, 284 frees, 257,064 bytes allocated
==357271== 
==357271== 5 bytes in 1 blocks are still reachable in loss record 2 of 81
==357271==    at 0x48417B4: malloc (vg_replace_malloc.c:381)
==357271==    by 0x113794: cy_true_strdup (in /home/rlaigle/minitest/minishell)
==357271==    by 0x10FB4B: append_cmd2 (in /home/rlaigle/minitest/minishell)
==357271==    by 0x10FCB8: append_cmd (in /home/rlaigle/minitest/minishell)
==357271==    by 0x10F96F: cy2_convert_cmd1b (in /home/rlaigle/minitest/minishell)
==357271==    by 0x10F9A8: cy2_convert_cmd1a (in /home/rlaigle/minitest/minishell)
==357271==    by 0x10FA90: cy2_convert_cmd (in /home/rlaigle/minitest/minishell)
==357271==    by 0x1095C9: validate_and_convert_syntax (in /home/rlaigle/minitest/minishell)
==357271==    by 0x109643: process_line (in /home/rlaigle/minitest/minishell)
==357271==    by 0x1096D9: process_input_line (in /home/rlaigle/minitest/minishell)
==357271==    by 0x109412: shell_loop (in /home/rlaigle/minitest/minishell)
==357271==    by 0x10945D: main (in /home/rlaigle/minitest/minishell)
==357271== 
==357271== 16 bytes in 1 blocks are still reachable in loss record 15 of 81
==357271==    at 0x48417B4: malloc (vg_replace_malloc.c:381)
==357271==    by 0x10FC36: append_cmd1 (in /home/rlaigle/minitest/minishell)
==357271==    by 0x10FC98: append_cmd (in /home/rlaigle/minitest/minishell)
==357271==    by 0x10F96F: cy2_convert_cmd1b (in /home/rlaigle/minitest/minishell)
==357271==    by 0x10F9A8: cy2_convert_cmd1a (in /home/rlaigle/minitest/minishell)
==357271==    by 0x10FA90: cy2_convert_cmd (in /home/rlaigle/minitest/minishell)
==357271==    by 0x1095C9: validate_and_convert_syntax (in /home/rlaigle/minitest/minishell)
==357271==    by 0x109643: process_line (in /home/rlaigle/minitest/minishell)
==357271==    by 0x1096D9: process_input_line (in /home/rlaigle/minitest/minishell)
==357271==    by 0x109412: shell_loop (in /home/rlaigle/minitest/minishell)
==357271==    by 0x10945D: main (in /home/rlaigle/minitest/minishell)
==357271== 
==357271== 32 bytes in 1 blocks are still reachable in loss record 21 of 81
==357271==    at 0x48417B4: malloc (vg_replace_malloc.c:381)
==357271==    by 0x10FBFE: append_cmd1 (in /home/rlaigle/minitest/minishell)
==357271==    by 0x10FC98: append_cmd (in /home/rlaigle/minitest/minishell)
==357271==    by 0x10F96F: cy2_convert_cmd1b (in /home/rlaigle/minitest/minishell)
==357271==    by 0x10F9A8: cy2_convert_cmd1a (in /home/rlaigle/minitest/minishell)
==357271==    by 0x10FA90: cy2_convert_cmd (in /home/rlaigle/minitest/minishell)
==357271==    by 0x1095C9: validate_and_convert_syntax (in /home/rlaigle/minitest/minishell)
==357271==    by 0x109643: process_line (in /home/rlaigle/minitest/minishell)
==357271==    by 0x1096D9: process_input_line (in /home/rlaigle/minitest/minishell)
==357271==    by 0x109412: shell_loop (in /home/rlaigle/minitest/minishell)
==357271==    by 0x10945D: main (in /home/rlaigle/minitest/minishell)
==357271== 
==357271== LEAK SUMMARY:
==357271==    definitely lost: 0 bytes in 0 blocks
==357271==    indirectly lost: 0 bytes in 0 blocks
==357271==      possibly lost: 0 bytes in 0 blocks
==357271==    still reachable: 53 bytes in 3 blocks
==357271==         suppressed: 232,298 bytes in 241 blocks
==357271== 
==357271== For lists of detected and suppressed errors, rerun with: -s
==357271== ERROR SUMMARY: 0 errors from 0 contexts (suppressed: 0 from 0)
