==357285== Memcheck, a memory error detector
==357285== Copyright (C) 2002-2022, and GNU GPL'd, by Julian Seward et al.
==357285== Using Valgrind-3.19.0 and LibVEX; rerun with -h for copyright info
==357285== Command: ./minishell
==357285== 
minishell: nonexistent_command: command not found
==357286== 
==357286== FILE DESCRIPTORS: 3 open (3 std) at exit.
==357286== 
==357286== HEAP SUMMARY:
==357286==     in use at exit: 236,508 bytes in 269 blocks
==357286==   total heap usage: 580 allocs, 311 frees, 260,859 bytes allocated
==357286== 
==357286== 16 bytes in 1 blocks are still reachable in loss record 14 of 83
==357286==    at 0x48417B4: malloc (vg_replace_malloc.c:381)
==357286==    by 0x10FC36: append_cmd1 (in /home/rlaigle/minitest/minishell)
==357286==    by 0x10FC98: append_cmd (in /home/rlaigle/minitest/minishell)
==357286==    by 0x10F96F: cy2_convert_cmd1b (in /home/rlaigle/minitest/minishell)
==357286==    by 0x10F9A8: cy2_convert_cmd1a (in /home/rlaigle/minitest/minishell)
==357286==    by 0x10FA90: cy2_convert_cmd (in /home/rlaigle/minitest/minishell)
==357286==    by 0x1095C9: validate_and_convert_syntax (in /home/rlaigle/minitest/minishell)
==357286==    by 0x109643: process_line (in /home/rlaigle/minitest/minishell)
==357286==    by 0x1096D9: process_input_line (in /home/rlaigle/minitest/minishell)
==357286==    by 0x109412: shell_loop (in /home/rlaigle/minitest/minishell)
==357286==    by 0x10945D: main (in /home/rlaigle/minitest/minishell)
==357286== 
==357286== 20 bytes in 1 blocks are still reachable in loss record 18 of 83
==357286==    at 0x48417B4: malloc (vg_replace_malloc.c:381)
==357286==    by 0x113794: cy_true_strdup (in /home/rlaigle/minitest/minishell)
==357286==    by 0x10FB4B: append_cmd2 (in /home/rlaigle/minitest/minishell)
==357286==    by 0x10FCB8: append_cmd (in /home/rlaigle/minitest/minishell)
==357286==    by 0x10F96F: cy2_convert_cmd1b (in /home/rlaigle/minitest/minishell)
==357286==    by 0x10F9A8: cy2_convert_cmd1a (in /home/rlaigle/minitest/minishell)
==357286==    by 0x10FA90: cy2_convert_cmd (in /home/rlaigle/minitest/minishell)
==357286==    by 0x1095C9: validate_and_convert_syntax (in /home/rlaigle/minitest/minishell)
==357286==    by 0x109643: process_line (in /home/rlaigle/minitest/minishell)
==357286==    by 0x1096D9: process_input_line (in /home/rlaigle/minitest/minishell)
==357286==    by 0x109412: shell_loop (in /home/rlaigle/minitest/minishell)
==357286==    by 0x10945D: main (in /home/rlaigle/minitest/minishell)
==357286== 
==357286== 32 bytes in 1 blocks are still reachable in loss record 22 of 83
==357286==    at 0x48417B4: malloc (vg_replace_malloc.c:381)
==357286==    by 0x10FBFE: append_cmd1 (in /home/rlaigle/minitest/minishell)
==357286==    by 0x10FC98: append_cmd (in /home/rlaigle/minitest/minishell)
==357286==    by 0x10F96F: cy2_convert_cmd1b (in /home/rlaigle/minitest/minishell)
==357286==    by 0x10F9A8: cy2_convert_cmd1a (in /home/rlaigle/minitest/minishell)
==357286==    by 0x10FA90: cy2_convert_cmd (in /home/rlaigle/minitest/minishell)
==357286==    by 0x1095C9: validate_and_convert_syntax (in /home/rlaigle/minitest/minishell)
==357286==    by 0x109643: process_line (in /home/rlaigle/minitest/minishell)
==357286==    by 0x1096D9: process_input_line (in /home/rlaigle/minitest/minishell)
==357286==    by 0x109412: shell_loop (in /home/rlaigle/minitest/minishell)
==357286==    by 0x10945D: main (in /home/rlaigle/minitest/minishell)
==357286== 
==357286== 224 bytes in 1 blocks are still reachable in loss record 32 of 83
==357286==    at 0x48417B4: malloc (vg_replace_malloc.c:381)
==357286==    by 0x10C954: copy_env (in /home/rlaigle/minitest/minishell)
==357286==    by 0x109304: init_shell (in /home/rlaigle/minitest/minishell)
==357286==    by 0x10944C: main (in /home/rlaigle/minitest/minishell)
==357286== 
==357286== 3,935 bytes in 27 blocks are still reachable in loss record 52 of 83
==357286==    at 0x48417B4: malloc (vg_replace_malloc.c:381)
==357286==    by 0x10D23A: ft_strdup (in /home/rlaigle/minitest/minishell)
==357286==    by 0x10C9A7: copy_env (in /home/rlaigle/minitest/minishell)
==357286==    by 0x109304: init_shell (in /home/rlaigle/minitest/minishell)
==357286==    by 0x10944C: main (in /home/rlaigle/minitest/minishell)
==357286== 
==357286== LEAK SUMMARY:
==357286==    definitely lost: 0 bytes in 0 blocks
==357286==    indirectly lost: 0 bytes in 0 blocks
==357286==      possibly lost: 0 bytes in 0 blocks
==357286==    still reachable: 4,227 bytes in 31 blocks
==357286==         suppressed: 232,281 bytes in 238 blocks
==357286== 
==357286== For lists of detected and suppressed errors, rerun with: -s
==357286== ERROR SUMMARY: 0 errors from 0 contexts (suppressed: 0 from 0)
exit
==357285== 
==357285== FILE DESCRIPTORS: 3 open (3 std) at exit.
==357285== 
==357285== HEAP SUMMARY:
==357285==     in use at exit: 232,406 bytes in 247 blocks
==357285==   total heap usage: 536 allocs, 289 frees, 257,303 bytes allocated
==357285== 
==357285== 5 bytes in 1 blocks are still reachable in loss record 2 of 81
==357285==    at 0x48417B4: malloc (vg_replace_malloc.c:381)
==357285==    by 0x113794: cy_true_strdup (in /home/rlaigle/minitest/minishell)
==357285==    by 0x10FB4B: append_cmd2 (in /home/rlaigle/minitest/minishell)
==357285==    by 0x10FCB8: append_cmd (in /home/rlaigle/minitest/minishell)
==357285==    by 0x10F96F: cy2_convert_cmd1b (in /home/rlaigle/minitest/minishell)
==357285==    by 0x10F9A8: cy2_convert_cmd1a (in /home/rlaigle/minitest/minishell)
==357285==    by 0x10FA90: cy2_convert_cmd (in /home/rlaigle/minitest/minishell)
==357285==    by 0x1095C9: validate_and_convert_syntax (in /home/rlaigle/minitest/minishell)
==357285==    by 0x109643: process_line (in /home/rlaigle/minitest/minishell)
==357285==    by 0x1096D9: process_input_line (in /home/rlaigle/minitest/minishell)
==357285==    by 0x109412: shell_loop (in /home/rlaigle/minitest/minishell)
==357285==    by 0x10945D: main (in /home/rlaigle/minitest/minishell)
==357285== 
==357285== 16 bytes in 1 blocks are still reachable in loss record 15 of 81
==357285==    at 0x48417B4: malloc (vg_replace_malloc.c:381)
==357285==    by 0x10FC36: append_cmd1 (in /home/rlaigle/minitest/minishell)
==357285==    by 0x10FC98: append_cmd (in /home/rlaigle/minitest/minishell)
==357285==    by 0x10F96F: cy2_convert_cmd1b (in /home/rlaigle/minitest/minishell)
==357285==    by 0x10F9A8: cy2_convert_cmd1a (in /home/rlaigle/minitest/minishell)
==357285==    by 0x10FA90: cy2_convert_cmd (in /home/rlaigle/minitest/minishell)
==357285==    by 0x1095C9: validate_and_convert_syntax (in /home/rlaigle/minitest/minishell)
==357285==    by 0x109643: process_line (in /home/rlaigle/minitest/minishell)
==357285==    by 0x1096D9: process_input_line (in /home/rlaigle/minitest/minishell)
==357285==    by 0x109412: shell_loop (in /home/rlaigle/minitest/minishell)
==357285==    by 0x10945D: main (in /home/rlaigle/minitest/minishell)
==357285== 
==357285== 32 bytes in 1 blocks are still reachable in loss record 19 of 81
==357285==    at 0x48417B4: malloc (vg_replace_malloc.c:381)
==357285==    by 0x10FBFE: append_cmd1 (in /home/rlaigle/minitest/minishell)
==357285==    by 0x10FC98: append_cmd (in /home/rlaigle/minitest/minishell)
==357285==    by 0x10F96F: cy2_convert_cmd1b (in /home/rlaigle/minitest/minishell)
==357285==    by 0x10F9A8: cy2_convert_cmd1a (in /home/rlaigle/minitest/minishell)
==357285==    by 0x10FA90: cy2_convert_cmd (in /home/rlaigle/minitest/minishell)
==357285==    by 0x1095C9: validate_and_convert_syntax (in /home/rlaigle/minitest/minishell)
==357285==    by 0x109643: process_line (in /home/rlaigle/minitest/minishell)
==357285==    by 0x1096D9: process_input_line (in /home/rlaigle/minitest/minishell)
==357285==    by 0x109412: shell_loop (in /home/rlaigle/minitest/minishell)
==357285==    by 0x10945D: main (in /home/rlaigle/minitest/minishell)
==357285== 
==357285== LEAK SUMMARY:
==357285==    definitely lost: 0 bytes in 0 blocks
==357285==    indirectly lost: 0 bytes in 0 blocks
==357285==      possibly lost: 0 bytes in 0 blocks
==357285==    still reachable: 53 bytes in 3 blocks
==357285==         suppressed: 232,353 bytes in 244 blocks
==357285== 
==357285== For lists of detected and suppressed errors, rerun with: -s
==357285== ERROR SUMMARY: 0 errors from 0 contexts (suppressed: 0 from 0)
