==357275== Memcheck, a memory error detector
==357275== Copyright (C) 2002-2022, and GNU GPL'd, by Julian Seward et al.
==357275== Using Valgrind-3.19.0 and LibVEX; rerun with -h for copyright info
==357275== Command: ./minishell
==357275== 
minishell: cd: -: No such file or directory
exit
==357275== 
==357275== FILE DESCRIPTORS: 3 open (3 std) at exit.
==357275== 
==357275== HEAP SUMMARY:
==357275==     in use at exit: 232,469 bytes in 253 blocks
==357275==   total heap usage: 591 allocs, 338 frees, 257,939 bytes allocated
==357275== 
==357275== 5 bytes in 1 blocks are still reachable in loss record 2 of 81
==357275==    at 0x48417B4: malloc (vg_replace_malloc.c:381)
==357275==    by 0x113794: cy_true_strdup (in /home/rlaigle/minitest/minishell)
==357275==    by 0x10FB4B: append_cmd2 (in /home/rlaigle/minitest/minishell)
==357275==    by 0x10FCB8: append_cmd (in /home/rlaigle/minitest/minishell)
==357275==    by 0x10F96F: cy2_convert_cmd1b (in /home/rlaigle/minitest/minishell)
==357275==    by 0x10F9A8: cy2_convert_cmd1a (in /home/rlaigle/minitest/minishell)
==357275==    by 0x10FA90: cy2_convert_cmd (in /home/rlaigle/minitest/minishell)
==357275==    by 0x1095C9: validate_and_convert_syntax (in /home/rlaigle/minitest/minishell)
==357275==    by 0x109643: process_line (in /home/rlaigle/minitest/minishell)
==357275==    by 0x1096D9: process_input_line (in /home/rlaigle/minitest/minishell)
==357275==    by 0x109412: shell_loop (in /home/rlaigle/minitest/minishell)
==357275==    by 0x10945D: main (in /home/rlaigle/minitest/minishell)
==357275== 
==357275== 16 bytes in 1 blocks are still reachable in loss record 15 of 81
==357275==    at 0x48417B4: malloc (vg_replace_malloc.c:381)
==357275==    by 0x10FC36: append_cmd1 (in /home/rlaigle/minitest/minishell)
==357275==    by 0x10FC98: append_cmd (in /home/rlaigle/minitest/minishell)
==357275==    by 0x10F96F: cy2_convert_cmd1b (in /home/rlaigle/minitest/minishell)
==357275==    by 0x10F9A8: cy2_convert_cmd1a (in /home/rlaigle/minitest/minishell)
==357275==    by 0x10FA90: cy2_convert_cmd (in /home/rlaigle/minitest/minishell)
==357275==    by 0x1095C9: validate_and_convert_syntax (in /home/rlaigle/minitest/minishell)
==357275==    by 0x109643: process_line (in /home/rlaigle/minitest/minishell)
==357275==    by 0x1096D9: process_input_line (in /home/rlaigle/minitest/minishell)
==357275==    by 0x109412: shell_loop (in /home/rlaigle/minitest/minishell)
==357275==    by 0x10945D: main (in /home/rlaigle/minitest/minishell)
==357275== 
==357275== 32 bytes in 1 blocks are still reachable in loss record 20 of 81
==357275==    at 0x48417B4: malloc (vg_replace_malloc.c:381)
==357275==    by 0x10FBFE: append_cmd1 (in /home/rlaigle/minitest/minishell)
==357275==    by 0x10FC98: append_cmd (in /home/rlaigle/minitest/minishell)
==357275==    by 0x10F96F: cy2_convert_cmd1b (in /home/rlaigle/minitest/minishell)
==357275==    by 0x10F9A8: cy2_convert_cmd1a (in /home/rlaigle/minitest/minishell)
==357275==    by 0x10FA90: cy2_convert_cmd (in /home/rlaigle/minitest/minishell)
==357275==    by 0x1095C9: validate_and_convert_syntax (in /home/rlaigle/minitest/minishell)
==357275==    by 0x109643: process_line (in /home/rlaigle/minitest/minishell)
==357275==    by 0x1096D9: process_input_line (in /home/rlaigle/minitest/minishell)
==357275==    by 0x109412: shell_loop (in /home/rlaigle/minitest/minishell)
==357275==    by 0x10945D: main (in /home/rlaigle/minitest/minishell)
==357275== 
==357275== LEAK SUMMARY:
==357275==    definitely lost: 0 bytes in 0 blocks
==357275==    indirectly lost: 0 bytes in 0 blocks
==357275==      possibly lost: 0 bytes in 0 blocks
==357275==    still reachable: 53 bytes in 3 blocks
==357275==         suppressed: 232,416 bytes in 250 blocks
==357275== 
==357275== For lists of detected and suppressed errors, rerun with: -s
==357275== ERROR SUMMARY: 0 errors from 0 contexts (suppressed: 0 from 0)
