==357268== Memcheck, a memory error detector
==357268== Copyright (C) 2002-2022, and GNU GPL'd, by Julian Seward et al.
==357268== Using Valgrind-3.19.0 and LibVEX; rerun with -h for copyright info
==357268== Command: ./minishell
==357268== 
exit
==357268== 
==357268== FILE DESCRIPTORS: 3 open (3 std) at exit.
==357268== 
==357268== HEAP SUMMARY:
==357268==     in use at exit: 232,464 bytes in 250 blocks
==357268==   total heap usage: 578 allocs, 328 frees, 258,197 bytes allocated
==357268== 
==357268== 5 bytes in 1 blocks are still reachable in loss record 2 of 81
==357268==    at 0x48417B4: malloc (vg_replace_malloc.c:381)
==357268==    by 0x113794: cy_true_strdup (in /home/rlaigle/minitest/minishell)
==357268==    by 0x10FB4B: append_cmd2 (in /home/rlaigle/minitest/minishell)
==357268==    by 0x10FCB8: append_cmd (in /home/rlaigle/minitest/minishell)
==357268==    by 0x10F96F: cy2_convert_cmd1b (in /home/rlaigle/minitest/minishell)
==357268==    by 0x10F9A8: cy2_convert_cmd1a (in /home/rlaigle/minitest/minishell)
==357268==    by 0x10FA90: cy2_convert_cmd (in /home/rlaigle/minitest/minishell)
==357268==    by 0x1095C9: validate_and_convert_syntax (in /home/rlaigle/minitest/minishell)
==357268==    by 0x109643: process_line (in /home/rlaigle/minitest/minishell)
==357268==    by 0x1096D9: process_input_line (in /home/rlaigle/minitest/minishell)
==357268==    by 0x109412: shell_loop (in /home/rlaigle/minitest/minishell)
==357268==    by 0x10945D: main (in /home/rlaigle/minitest/minishell)
==357268== 
==357268== 16 bytes in 1 blocks are still reachable in loss record 15 of 81
==357268==    at 0x48417B4: malloc (vg_replace_malloc.c:381)
==357268==    by 0x10FC36: append_cmd1 (in /home/rlaigle/minitest/minishell)
==357268==    by 0x10FC98: append_cmd (in /home/rlaigle/minitest/minishell)
==357268==    by 0x10F96F: cy2_convert_cmd1b (in /home/rlaigle/minitest/minishell)
==357268==    by 0x10F9A8: cy2_convert_cmd1a (in /home/rlaigle/minitest/minishell)
==357268==    by 0x10FA90: cy2_convert_cmd (in /home/rlaigle/minitest/minishell)
==357268==    by 0x1095C9: validate_and_convert_syntax (in /home/rlaigle/minitest/minishell)
==357268==    by 0x109643: process_line (in /home/rlaigle/minitest/minishell)
==357268==    by 0x1096D9: process_input_line (in /home/rlaigle/minitest/minishell)
==357268==    by 0x109412: shell_loop (in /home/rlaigle/minitest/minishell)
==357268==    by 0x10945D: main (in /home/rlaigle/minitest/minishell)
==357268== 
==357268== 32 bytes in 1 blocks are still reachable in loss record 19 of 81
==357268==    at 0x48417B4: malloc (vg_replace_malloc.c:381)
==357268==    by 0x10FBFE: append_cmd1 (in /home/rlaigle/minitest/minishell)
==357268==    by 0x10FC98: append_cmd (in /home/rlaigle/minitest/minishell)
==357268==    by 0x10F96F: cy2_convert_cmd1b (in /home/rlaigle/minitest/minishell)
==357268==    by 0x10F9A8: cy2_convert_cmd1a (in /home/rlaigle/minitest/minishell)
==357268==    by 0x10FA90: cy2_convert_cmd (in /home/rlaigle/minitest/minishell)
==357268==    by 0x1095C9: validate_and_convert_syntax (in /home/rlaigle/minitest/minishell)
==357268==    by 0x109643: process_line (in /home/rlaigle/minitest/minishell)
==357268==    by 0x1096D9: process_input_line (in /home/rlaigle/minitest/minishell)
==357268==    by 0x109412: shell_loop (in /home/rlaigle/minitest/minishell)
==357268==    by 0x10945D: main (in /home/rlaigle/minitest/minishell)
==357268== 
==357268== LEAK SUMMARY:
==357268==    definitely lost: 0 bytes in 0 blocks
==357268==    indirectly lost: 0 bytes in 0 blocks
==357268==      possibly lost: 0 bytes in 0 blocks
==357268==    still reachable: 53 bytes in 3 blocks
==357268==         suppressed: 232,411 bytes in 247 blocks
==357268== 
==357268== For lists of detected and suppressed errors, rerun with: -s
==357268== ERROR SUMMARY: 0 errors from 0 contexts (suppressed: 0 from 0)
