==357278== Memcheck, a memory error detector
==357278== Copyright (C) 2002-2022, and GNU GPL'd, by Julian Seward et al.
==357278== Using Valgrind-3.19.0 and LibVEX; rerun with -h for copyright info
==357278== Command: ./minishell
==357278== 
==357279== 
==357279== FILE DESCRIPTORS: 3 open (3 std) at exit.
==357279== 
==357279== HEAP SUMMARY:
==357279==     in use at exit: 236,660 bytes in 277 blocks
==357279==   total heap usage: 550 allocs, 273 frees, 257,479 bytes allocated
==357279== 
==357279== 8 bytes in 1 blocks are still reachable in loss record 3 of 86
==357279==    at 0x48417B4: malloc (vg_replace_malloc.c:381)
==357279==    by 0x10A854: execute_pipeline (in /home/rlaigle/minitest/minishell)
==357279==    by 0x109BAD: execute_command_line (in /home/rlaigle/minitest/minishell)
==357279==    by 0x10965A: process_line (in /home/rlaigle/minitest/minishell)
==357279==    by 0x1096D9: process_input_line (in /home/rlaigle/minitest/minishell)
==357279==    by 0x109412: shell_loop (in /home/rlaigle/minitest/minishell)
==357279==    by 0x10945D: main (in /home/rlaigle/minitest/minishell)
==357279== 
==357279== 18 bytes in 1 blocks are still reachable in loss record 15 of 86
==357279==    at 0x48417B4: malloc (vg_replace_malloc.c:381)
==357279==    by 0x113794: cy_true_strdup (in /home/rlaigle/minitest/minishell)
==357279==    by 0x10F206: cy2_fill_redir_1 (in /home/rlaigle/minitest/minishell)
==357279==    by 0x10F4D7: cy2_fill_redir_loop_body (in /home/rlaigle/minitest/minishell)
==357279==    by 0x10F394: cy2_fill_redir (in /home/rlaigle/minitest/minishell)
==357279==    by 0x10FD48: cy2_convert_cmd2 (in /home/rlaigle/minitest/minishell)
==357279==    by 0x10F9D2: cy2_convert_cmd1a (in /home/rlaigle/minitest/minishell)
==357279==    by 0x10FA90: cy2_convert_cmd (in /home/rlaigle/minitest/minishell)
==357279==    by 0x1095C9: validate_and_convert_syntax (in /home/rlaigle/minitest/minishell)
==357279==    by 0x109643: process_line (in /home/rlaigle/minitest/minishell)
==357279==    by 0x1096D9: process_input_line (in /home/rlaigle/minitest/minishell)
==357279==    by 0x109412: shell_loop (in /home/rlaigle/minitest/minishell)
==357279== 
==357279== 18 bytes in 4 blocks are still reachable in loss record 16 of 86
==357279==    at 0x48417B4: malloc (vg_replace_malloc.c:381)
==357279==    by 0x113794: cy_true_strdup (in /home/rlaigle/minitest/minishell)
==357279==    by 0x10FB4B: append_cmd2 (in /home/rlaigle/minitest/minishell)
==357279==    by 0x10FCB8: append_cmd (in /home/rlaigle/minitest/minishell)
==357279==    by 0x10F96F: cy2_convert_cmd1b (in /home/rlaigle/minitest/minishell)
==357279==    by 0x10F9A8: cy2_convert_cmd1a (in /home/rlaigle/minitest/minishell)
==357279==    by 0x10FA90: cy2_convert_cmd (in /home/rlaigle/minitest/minishell)
==357279==    by 0x1095C9: validate_and_convert_syntax (in /home/rlaigle/minitest/minishell)
==357279==    by 0x109643: process_line (in /home/rlaigle/minitest/minishell)
==357279==    by 0x1096D9: process_input_line (in /home/rlaigle/minitest/minishell)
==357279==    by 0x109412: shell_loop (in /home/rlaigle/minitest/minishell)
==357279==    by 0x10945D: main (in /home/rlaigle/minitest/minishell)
==357279== 
==357279== 24 bytes in 1 blocks are still reachable in loss record 20 of 86
==357279==    at 0x48417B4: malloc (vg_replace_malloc.c:381)
==357279==    by 0x10F1D5: cy2_fill_redir_1 (in /home/rlaigle/minitest/minishell)
==357279==    by 0x10F4D7: cy2_fill_redir_loop_body (in /home/rlaigle/minitest/minishell)
==357279==    by 0x10F394: cy2_fill_redir (in /home/rlaigle/minitest/minishell)
==357279==    by 0x10FD48: cy2_convert_cmd2 (in /home/rlaigle/minitest/minishell)
==357279==    by 0x10F9D2: cy2_convert_cmd1a (in /home/rlaigle/minitest/minishell)
==357279==    by 0x10FA90: cy2_convert_cmd (in /home/rlaigle/minitest/minishell)
==357279==    by 0x1095C9: validate_and_convert_syntax (in /home/rlaigle/minitest/minishell)
==357279==    by 0x109643: process_line (in /home/rlaigle/minitest/minishell)
==357279==    by 0x1096D9: process_input_line (in /home/rlaigle/minitest/minishell)
==357279==    by 0x109412: shell_loop (in /home/rlaigle/minitest/minishell)
==357279==    by 0x10945D: main (in /home/rlaigle/minitest/minishell)
==357279== 
==357279== 48 bytes in 2 blocks are still reachable in loss record 27 of 86
==357279==    at 0x48417B4: malloc (vg_replace_malloc.c:381)
==357279==    by 0x10FC36: append_cmd1 (in /home/rlaigle/minitest/minishell)
==357279==    by 0x10FC98: append_cmd (in /home/rlaigle/minitest/minishell)
==357279==    by 0x10F96F: cy2_convert_cmd1b (in /home/rlaigle/minitest/minishell)
==357279==    by 0x10F9A8: cy2_convert_cmd1a (in /home/rlaigle/minitest/minishell)
==357279==    by 0x10FA90: cy2_convert_cmd (in /home/rlaigle/minitest/minishell)
==357279==    by 0x1095C9: validate_and_convert_syntax (in /home/rlaigle/minitest/minishell)
==357279==    by 0x109643: process_line (in /home/rlaigle/minitest/minishell)
==357279==    by 0x1096D9: process_input_line (in /home/rlaigle/minitest/minishell)
==357279==    by 0x109412: shell_loop (in /home/rlaigle/minitest/minishell)
==357279==    by 0x10945D: main (in /home/rlaigle/minitest/minishell)
==357279== 
==357279== 64 bytes in 2 blocks are still reachable in loss record 28 of 86
==357279==    at 0x48417B4: malloc (vg_replace_malloc.c:381)
==357279==    by 0x10FBFE: append_cmd1 (in /home/rlaigle/minitest/minishell)
==357279==    by 0x10FC98: append_cmd (in /home/rlaigle/minitest/minishell)
==357279==    by 0x10F96F: cy2_convert_cmd1b (in /home/rlaigle/minitest/minishell)
==357279==    by 0x10F9A8: cy2_convert_cmd1a (in /home/rlaigle/minitest/minishell)
==357279==    by 0x10FA90: cy2_convert_cmd (in /home/rlaigle/minitest/minishell)
==357279==    by 0x1095C9: validate_and_convert_syntax (in /home/rlaigle/minitest/minishell)
==357279==    by 0x109643: process_line (in /home/rlaigle/minitest/minishell)
==357279==    by 0x1096D9: process_input_line (in /home/rlaigle/minitest/minishell)
==357279==    by 0x109412: shell_loop (in /home/rlaigle/minitest/minishell)
==357279==    by 0x10945D: main (in /home/rlaigle/minitest/minishell)
==357279== 
==357279== 224 bytes in 1 blocks are still reachable in loss record 35 of 86
==357279==    at 0x48417B4: malloc (vg_replace_malloc.c:381)
==357279==    by 0x10C954: copy_env (in /home/rlaigle/minitest/minishell)
==357279==    by 0x109304: init_shell (in /home/rlaigle/minitest/minishell)
==357279==    by 0x10944C: main (in /home/rlaigle/minitest/minishell)
==357279== 
==357279== 3,935 bytes in 27 blocks are still reachable in loss record 55 of 86
==357279==    at 0x48417B4: malloc (vg_replace_malloc.c:381)
==357279==    by 0x10D23A: ft_strdup (in /home/rlaigle/minitest/minishell)
==357279==    by 0x10C9A7: copy_env (in /home/rlaigle/minitest/minishell)
==357279==    by 0x109304: init_shell (in /home/rlaigle/minitest/minishell)
==357279==    by 0x10944C: main (in /home/rlaigle/minitest/minishell)
==357279== 
==357279== LEAK SUMMARY:
==357279==    definitely lost: 0 bytes in 0 blocks
==357279==    indirectly lost: 0 bytes in 0 blocks
==357279==      possibly lost: 0 bytes in 0 blocks
==357279==    still reachable: 4,339 bytes in 39 blocks
==357279==         suppressed: 232,321 bytes in 238 blocks
==357279== 
==357279== For lists of detected and suppressed errors, rerun with: -s
==357279== ERROR SUMMARY: 0 errors from 0 contexts (suppressed: 0 from 0)
exit
==357278== 
==357278== FILE DESCRIPTORS: 3 open (3 std) at exit.
==357278== 
==357278== HEAP SUMMARY:
==357278==     in use at exit: 232,438 bytes in 247 blocks
==357278==   total heap usage: 594 allocs, 347 frees, 258,263 bytes allocated
==357278== 
==357278== 5 bytes in 1 blocks are still reachable in loss record 2 of 81
==357278==    at 0x48417B4: malloc (vg_replace_malloc.c:381)
==357278==    by 0x113794: cy_true_strdup (in /home/rlaigle/minitest/minishell)
==357278==    by 0x10FB4B: append_cmd2 (in /home/rlaigle/minitest/minishell)
==357278==    by 0x10FCB8: append_cmd (in /home/rlaigle/minitest/minishell)
==357278==    by 0x10F96F: cy2_convert_cmd1b (in /home/rlaigle/minitest/minishell)
==357278==    by 0x10F9A8: cy2_convert_cmd1a (in /home/rlaigle/minitest/minishell)
==357278==    by 0x10FA90: cy2_convert_cmd (in /home/rlaigle/minitest/minishell)
==357278==    by 0x1095C9: validate_and_convert_syntax (in /home/rlaigle/minitest/minishell)
==357278==    by 0x109643: process_line (in /home/rlaigle/minitest/minishell)
==357278==    by 0x1096D9: process_input_line (in /home/rlaigle/minitest/minishell)
==357278==    by 0x109412: shell_loop (in /home/rlaigle/minitest/minishell)
==357278==    by 0x10945D: main (in /home/rlaigle/minitest/minishell)
==357278== 
==357278== 16 bytes in 1 blocks are still reachable in loss record 15 of 81
==357278==    at 0x48417B4: malloc (vg_replace_malloc.c:381)
==357278==    by 0x10FC36: append_cmd1 (in /home/rlaigle/minitest/minishell)
==357278==    by 0x10FC98: append_cmd (in /home/rlaigle/minitest/minishell)
==357278==    by 0x10F96F: cy2_convert_cmd1b (in /home/rlaigle/minitest/minishell)
==357278==    by 0x10F9A8: cy2_convert_cmd1a (in /home/rlaigle/minitest/minishell)
==357278==    by 0x10FA90: cy2_convert_cmd (in /home/rlaigle/minitest/minishell)
==357278==    by 0x1095C9: validate_and_convert_syntax (in /home/rlaigle/minitest/minishell)
==357278==    by 0x109643: process_line (in /home/rlaigle/minitest/minishell)
==357278==    by 0x1096D9: process_input_line (in /home/rlaigle/minitest/minishell)
==357278==    by 0x109412: shell_loop (in /home/rlaigle/minitest/minishell)
==357278==    by 0x10945D: main (in /home/rlaigle/minitest/minishell)
==357278== 
==357278== 32 bytes in 1 blocks are still reachable in loss record 19 of 81
==357278==    at 0x48417B4: malloc (vg_replace_malloc.c:381)
==357278==    by 0x10FBFE: append_cmd1 (in /home/rlaigle/minitest/minishell)
==357278==    by 0x10FC98: append_cmd (in /home/rlaigle/minitest/minishell)
==357278==    by 0x10F96F: cy2_convert_cmd1b (in /home/rlaigle/minitest/minishell)
==357278==    by 0x10F9A8: cy2_convert_cmd1a (in /home/rlaigle/minitest/minishell)
==357278==    by 0x10FA90: cy2_convert_cmd (in /home/rlaigle/minitest/minishell)
==357278==    by 0x1095C9: validate_and_convert_syntax (in /home/rlaigle/minitest/minishell)
==357278==    by 0x109643: process_line (in /home/rlaigle/minitest/minishell)
==357278==    by 0x1096D9: process_input_line (in /home/rlaigle/minitest/minishell)
==357278==    by 0x109412: shell_loop (in /home/rlaigle/minitest/minishell)
==357278==    by 0x10945D: main (in /home/rlaigle/minitest/minishell)
==357278== 
==357278== LEAK SUMMARY:
==357278==    definitely lost: 0 bytes in 0 blocks
==357278==    indirectly lost: 0 bytes in 0 blocks
==357278==      possibly lost: 0 bytes in 0 blocks
==357278==    still reachable: 53 bytes in 3 blocks
==357278==         suppressed: 232,385 bytes in 244 blocks
==357278== 
==357278== For lists of detected and suppressed errors, rerun with: -s
==357278== ERROR SUMMARY: 0 errors from 0 contexts (suppressed: 0 from 0)
