==357262== Memcheck, a memory error detector
==357262== Copyright (C) 2002-2022, and GNU GPL'd, by Julian Seward et al.
==357262== Using Valgrind-3.19.0 and LibVEX; rerun with -h for copyright info
==357262== Command: ./minishell
==357262== 
==357263== 
==357263== FILE DESCRIPTORS: 3 open (3 std) at exit.
==357263== 
==357263== HEAP SUMMARY:
==357263==     in use at exit: 236,556 bytes in 272 blocks
==357263==   total heap usage: 521 allocs, 249 frees, 257,027 bytes allocated
==357263== 
==357263== 10 bytes in 2 blocks are still reachable in loss record 4 of 85
==357263==    at 0x48417B4: malloc (vg_replace_malloc.c:381)
==357263==    by 0x113794: cy_true_strdup (in /home/rlaigle/minitest/minishell)
==357263==    by 0x10FB4B: append_cmd2 (in /home/rlaigle/minitest/minishell)
==357263==    by 0x10FCB8: append_cmd (in /home/rlaigle/minitest/minishell)
==357263==    by 0x10F96F: cy2_convert_cmd1b (in /home/rlaigle/minitest/minishell)
==357263==    by 0x10F9A8: cy2_convert_cmd1a (in /home/rlaigle/minitest/minishell)
==357263==    by 0x10FA90: cy2_convert_cmd (in /home/rlaigle/minitest/minishell)
==357263==    by 0x1095C9: validate_and_convert_syntax (in /home/rlaigle/minitest/minishell)
==357263==    by 0x109643: process_line (in /home/rlaigle/minitest/minishell)
==357263==    by 0x1096D9: process_input_line (in /home/rlaigle/minitest/minishell)
==357263==    by 0x109412: shell_loop (in /home/rlaigle/minitest/minishell)
==357263==    by 0x10945D: main (in /home/rlaigle/minitest/minishell)
==357263== 
==357263== 14 bytes in 1 blocks are still reachable in loss record 13 of 85
==357263==    at 0x48417B4: malloc (vg_replace_malloc.c:381)
==357263==    by 0x113794: cy_true_strdup (in /home/rlaigle/minitest/minishell)
==357263==    by 0x10F206: cy2_fill_redir_1 (in /home/rlaigle/minitest/minishell)
==357263==    by 0x10F4D7: cy2_fill_redir_loop_body (in /home/rlaigle/minitest/minishell)
==357263==    by 0x10F394: cy2_fill_redir (in /home/rlaigle/minitest/minishell)
==357263==    by 0x10FD48: cy2_convert_cmd2 (in /home/rlaigle/minitest/minishell)
==357263==    by 0x10F9D2: cy2_convert_cmd1a (in /home/rlaigle/minitest/minishell)
==357263==    by 0x10FA90: cy2_convert_cmd (in /home/rlaigle/minitest/minishell)
==357263==    by 0x1095C9: validate_and_convert_syntax (in /home/rlaigle/minitest/minishell)
==357263==    by 0x109643: process_line (in /home/rlaigle/minitest/minishell)
==357263==    by 0x1096D9: process_input_line (in /home/rlaigle/minitest/minishell)
==357263==    by 0x109412: shell_loop (in /home/rlaigle/minitest/minishell)
==357263== 
==357263== 24 bytes in 1 blocks are still reachable in loss record 19 of 85
==357263==    at 0x48417B4: malloc (vg_replace_malloc.c:381)
==357263==    by 0x10FC36: append_cmd1 (in /home/rlaigle/minitest/minishell)
==357263==    by 0x10FC98: append_cmd (in /home/rlaigle/minitest/minishell)
==357263==    by 0x10F96F: cy2_convert_cmd1b (in /home/rlaigle/minitest/minishell)
==357263==    by 0x10F9A8: cy2_convert_cmd1a (in /home/rlaigle/minitest/minishell)
==357263==    by 0x10FA90: cy2_convert_cmd (in /home/rlaigle/minitest/minishell)
==357263==    by 0x1095C9: validate_and_convert_syntax (in /home/rlaigle/minitest/minishell)
==357263==    by 0x109643: process_line (in /home/rlaigle/minitest/minishell)
==357263==    by 0x1096D9: process_input_line (in /home/rlaigle/minitest/minishell)
==357263==    by 0x109412: shell_loop (in /home/rlaigle/minitest/minishell)
==357263==    by 0x10945D: main (in /home/rlaigle/minitest/minishell)
==357263== 
==357263== 24 bytes in 1 blocks are still reachable in loss record 20 of 85
==357263==    at 0x48417B4: malloc (vg_replace_malloc.c:381)
==357263==    by 0x10F1D5: cy2_fill_redir_1 (in /home/rlaigle/minitest/minishell)
==357263==    by 0x10F4D7: cy2_fill_redir_loop_body (in /home/rlaigle/minitest/minishell)
==357263==    by 0x10F394: cy2_fill_redir (in /home/rlaigle/minitest/minishell)
==357263==    by 0x10FD48: cy2_convert_cmd2 (in /home/rlaigle/minitest/minishell)
==357263==    by 0x10F9D2: cy2_convert_cmd1a (in /home/rlaigle/minitest/minishell)
==357263==    by 0x10FA90: cy2_convert_cmd (in /home/rlaigle/minitest/minishell)
==357263==    by 0x1095C9: validate_and_convert_syntax (in /home/rlaigle/minitest/minishell)
==357263==    by 0x109643: process_line (in /home/rlaigle/minitest/minishell)
==357263==    by 0x1096D9: process_input_line (in /home/rlaigle/minitest/minishell)
==357263==    by 0x109412: shell_loop (in /home/rlaigle/minitest/minishell)
==357263==    by 0x10945D: main (in /home/rlaigle/minitest/minishell)
==357263== 
==357263== 32 bytes in 1 blocks are still reachable in loss record 24 of 85
==357263==    at 0x48417B4: malloc (vg_replace_malloc.c:381)
==357263==    by 0x10FBFE: append_cmd1 (in /home/rlaigle/minitest/minishell)
==357263==    by 0x10FC98: append_cmd (in /home/rlaigle/minitest/minishell)
==357263==    by 0x10F96F: cy2_convert_cmd1b (in /home/rlaigle/minitest/minishell)
==357263==    by 0x10F9A8: cy2_convert_cmd1a (in /home/rlaigle/minitest/minishell)
==357263==    by 0x10FA90: cy2_convert_cmd (in /home/rlaigle/minitest/minishell)
==357263==    by 0x1095C9: validate_and_convert_syntax (in /home/rlaigle/minitest/minishell)
==357263==    by 0x109643: process_line (in /home/rlaigle/minitest/minishell)
==357263==    by 0x1096D9: process_input_line (in /home/rlaigle/minitest/minishell)
==357263==    by 0x109412: shell_loop (in /home/rlaigle/minitest/minishell)
==357263==    by 0x10945D: main (in /home/rlaigle/minitest/minishell)
==357263== 
==357263== 224 bytes in 1 blocks are still reachable in loss record 34 of 85
==357263==    at 0x48417B4: malloc (vg_replace_malloc.c:381)
==357263==    by 0x10C954: copy_env (in /home/rlaigle/minitest/minishell)
==357263==    by 0x109304: init_shell (in /home/rlaigle/minitest/minishell)
==357263==    by 0x10944C: main (in /home/rlaigle/minitest/minishell)
==357263== 
==357263== 3,935 bytes in 27 blocks are still reachable in loss record 54 of 85
==357263==    at 0x48417B4: malloc (vg_replace_malloc.c:381)
==357263==    by 0x10D23A: ft_strdup (in /home/rlaigle/minitest/minishell)
==357263==    by 0x10C9A7: copy_env (in /home/rlaigle/minitest/minishell)
==357263==    by 0x109304: init_shell (in /home/rlaigle/minitest/minishell)
==357263==    by 0x10944C: main (in /home/rlaigle/minitest/minishell)
==357263== 
==357263== LEAK SUMMARY:
==357263==    definitely lost: 0 bytes in 0 blocks
==357263==    indirectly lost: 0 bytes in 0 blocks
==357263==      possibly lost: 0 bytes in 0 blocks
==357263==    still reachable: 4,263 bytes in 34 blocks
==357263==         suppressed: 232,293 bytes in 238 blocks
==357263== 
==357263== For lists of detected and suppressed errors, rerun with: -s
==357263== ERROR SUMMARY: 0 errors from 0 contexts (suppressed: 0 from 0)
exit
==357262== 
==357262== FILE DESCRIPTORS: 3 open (3 std) at exit.
==357262== 
==357262== HEAP SUMMARY:
==357262==     in use at exit: 232,422 bytes in 247 blocks
==357262==   total heap usage: 573 allocs, 326 frees, 257,883 bytes allocated
==357262== 
==357262== 5 bytes in 1 blocks are still reachable in loss record 2 of 81
==357262==    at 0x48417B4: malloc (vg_replace_malloc.c:381)
==357262==    by 0x113794: cy_true_strdup (in /home/rlaigle/minitest/minishell)
==357262==    by 0x10FB4B: append_cmd2 (in /home/rlaigle/minitest/minishell)
==357262==    by 0x10FCB8: append_cmd (in /home/rlaigle/minitest/minishell)
==357262==    by 0x10F96F: cy2_convert_cmd1b (in /home/rlaigle/minitest/minishell)
==357262==    by 0x10F9A8: cy2_convert_cmd1a (in /home/rlaigle/minitest/minishell)
==357262==    by 0x10FA90: cy2_convert_cmd (in /home/rlaigle/minitest/minishell)
==357262==    by 0x1095C9: validate_and_convert_syntax (in /home/rlaigle/minitest/minishell)
==357262==    by 0x109643: process_line (in /home/rlaigle/minitest/minishell)
==357262==    by 0x1096D9: process_input_line (in /home/rlaigle/minitest/minishell)
==357262==    by 0x109412: shell_loop (in /home/rlaigle/minitest/minishell)
==357262==    by 0x10945D: main (in /home/rlaigle/minitest/minishell)
==357262== 
==357262== 16 bytes in 1 blocks are still reachable in loss record 15 of 81
==357262==    at 0x48417B4: malloc (vg_replace_malloc.c:381)
==357262==    by 0x10FC36: append_cmd1 (in /home/rlaigle/minitest/minishell)
==357262==    by 0x10FC98: append_cmd (in /home/rlaigle/minitest/minishell)
==357262==    by 0x10F96F: cy2_convert_cmd1b (in /home/rlaigle/minitest/minishell)
==357262==    by 0x10F9A8: cy2_convert_cmd1a (in /home/rlaigle/minitest/minishell)
==357262==    by 0x10FA90: cy2_convert_cmd (in /home/rlaigle/minitest/minishell)
==357262==    by 0x1095C9: validate_and_convert_syntax (in /home/rlaigle/minitest/minishell)
==357262==    by 0x109643: process_line (in /home/rlaigle/minitest/minishell)
==357262==    by 0x1096D9: process_input_line (in /home/rlaigle/minitest/minishell)
==357262==    by 0x109412: shell_loop (in /home/rlaigle/minitest/minishell)
==357262==    by 0x10945D: main (in /home/rlaigle/minitest/minishell)
==357262== 
==357262== 32 bytes in 1 blocks are still reachable in loss record 19 of 81
==357262==    at 0x48417B4: malloc (vg_replace_malloc.c:381)
==357262==    by 0x10FBFE: append_cmd1 (in /home/rlaigle/minitest/minishell)
==357262==    by 0x10FC98: append_cmd (in /home/rlaigle/minitest/minishell)
==357262==    by 0x10F96F: cy2_convert_cmd1b (in /home/rlaigle/minitest/minishell)
==357262==    by 0x10F9A8: cy2_convert_cmd1a (in /home/rlaigle/minitest/minishell)
==357262==    by 0x10FA90: cy2_convert_cmd (in /home/rlaigle/minitest/minishell)
==357262==    by 0x1095C9: validate_and_convert_syntax (in /home/rlaigle/minitest/minishell)
==357262==    by 0x109643: process_line (in /home/rlaigle/minitest/minishell)
==357262==    by 0x1096D9: process_input_line (in /home/rlaigle/minitest/minishell)
==357262==    by 0x109412: shell_loop (in /home/rlaigle/minitest/minishell)
==357262==    by 0x10945D: main (in /home/rlaigle/minitest/minishell)
==357262== 
==357262== LEAK SUMMARY:
==357262==    definitely lost: 0 bytes in 0 blocks
==357262==    indirectly lost: 0 bytes in 0 blocks
==357262==      possibly lost: 0 bytes in 0 blocks
==357262==    still reachable: 53 bytes in 3 blocks
==357262==         suppressed: 232,369 bytes in 244 blocks
==357262== 
==357262== For lists of detected and suppressed errors, rerun with: -s
==357262== ERROR SUMMARY: 0 errors from 0 contexts (suppressed: 0 from 0)
