==357256== Memcheck, a memory error detector
==357256== Copyright (C) 2002-2022, and GNU GPL'd, by Julian Seward et al.
==357256== Using Valgrind-3.19.0 and LibVEX; rerun with -h for copyright info
==357256== Command: ./minishell
==357256== 
==357257== 
==357257== FILE DESCRIPTORS: 3 open (3 std) at exit.
==357257== 
==357257== HEAP SUMMARY:
==357257==     in use at exit: 236,629 bytes in 277 blocks
==357257==   total heap usage: 542 allocs, 265 frees, 257,295 bytes allocated
==357257== 
==357257== 12 bytes in 1 blocks are still reachable in loss record 9 of 84
==357257==    at 0x48417B4: malloc (vg_replace_malloc.c:381)
==357257==    by 0x10A854: execute_pipeline (in /home/rlaigle/minitest/minishell)
==357257==    by 0x109BAD: execute_command_line (in /home/rlaigle/minitest/minishell)
==357257==    by 0x10965A: process_line (in /home/rlaigle/minitest/minishell)
==357257==    by 0x1096D9: process_input_line (in /home/rlaigle/minitest/minishell)
==357257==    by 0x109412: shell_loop (in /home/rlaigle/minitest/minishell)
==357257==    by 0x10945D: main (in /home/rlaigle/minitest/minishell)
==357257== 
==357257== 19 bytes in 4 blocks are still reachable in loss record 15 of 84
==357257==    at 0x48417B4: malloc (vg_replace_malloc.c:381)
==357257==    by 0x113794: cy_true_strdup (in /home/rlaigle/minitest/minishell)
==357257==    by 0x10FB4B: append_cmd2 (in /home/rlaigle/minitest/minishell)
==357257==    by 0x10FCB8: append_cmd (in /home/rlaigle/minitest/minishell)
==357257==    by 0x10F96F: cy2_convert_cmd1b (in /home/rlaigle/minitest/minishell)
==357257==    by 0x10F9A8: cy2_convert_cmd1a (in /home/rlaigle/minitest/minishell)
==357257==    by 0x10FA90: cy2_convert_cmd (in /home/rlaigle/minitest/minishell)
==357257==    by 0x1095C9: validate_and_convert_syntax (in /home/rlaigle/minitest/minishell)
==357257==    by 0x109643: process_line (in /home/rlaigle/minitest/minishell)
==357257==    by 0x1096D9: process_input_line (in /home/rlaigle/minitest/minishell)
==357257==    by 0x109412: shell_loop (in /home/rlaigle/minitest/minishell)
==357257==    by 0x10945D: main (in /home/rlaigle/minitest/minishell)
==357257== 
==357257== 56 bytes in 3 blocks are still reachable in loss record 25 of 84
==357257==    at 0x48417B4: malloc (vg_replace_malloc.c:381)
==357257==    by 0x10FC36: append_cmd1 (in /home/rlaigle/minitest/minishell)
==357257==    by 0x10FC98: append_cmd (in /home/rlaigle/minitest/minishell)
==357257==    by 0x10F96F: cy2_convert_cmd1b (in /home/rlaigle/minitest/minishell)
==357257==    by 0x10F9A8: cy2_convert_cmd1a (in /home/rlaigle/minitest/minishell)
==357257==    by 0x10FA90: cy2_convert_cmd (in /home/rlaigle/minitest/minishell)
==357257==    by 0x1095C9: validate_and_convert_syntax (in /home/rlaigle/minitest/minishell)
==357257==    by 0x109643: process_line (in /home/rlaigle/minitest/minishell)
==357257==    by 0x1096D9: process_input_line (in /home/rlaigle/minitest/minishell)
==357257==    by 0x109412: shell_loop (in /home/rlaigle/minitest/minishell)
==357257==    by 0x10945D: main (in /home/rlaigle/minitest/minishell)
==357257== 
==357257== 96 bytes in 3 blocks are still reachable in loss record 30 of 84
==357257==    at 0x48417B4: malloc (vg_replace_malloc.c:381)
==357257==    by 0x10FBFE: append_cmd1 (in /home/rlaigle/minitest/minishell)
==357257==    by 0x10FC98: append_cmd (in /home/rlaigle/minitest/minishell)
==357257==    by 0x10F96F: cy2_convert_cmd1b (in /home/rlaigle/minitest/minishell)
==357257==    by 0x10F9A8: cy2_convert_cmd1a (in /home/rlaigle/minitest/minishell)
==357257==    by 0x10FA90: cy2_convert_cmd (in /home/rlaigle/minitest/minishell)
==357257==    by 0x1095C9: validate_and_convert_syntax (in /home/rlaigle/minitest/minishell)
==357257==    by 0x109643: process_line (in /home/rlaigle/minitest/minishell)
==357257==    by 0x1096D9: process_input_line (in /home/rlaigle/minitest/minishell)
==357257==    by 0x109412: shell_loop (in /home/rlaigle/minitest/minishell)
==357257==    by 0x10945D: main (in /home/rlaigle/minitest/minishell)
==357257== 
==357257== 224 bytes in 1 blocks are still reachable in loss record 33 of 84
==357257==    at 0x48417B4: malloc (vg_replace_malloc.c:381)
==357257==    by 0x10C954: copy_env (in /home/rlaigle/minitest/minishell)
==357257==    by 0x109304: init_shell (in /home/rlaigle/minitest/minishell)
==357257==    by 0x10944C: main (in /home/rlaigle/minitest/minishell)
==357257== 
==357257== 3,935 bytes in 27 blocks are still reachable in loss record 53 of 84
==357257==    at 0x48417B4: malloc (vg_replace_malloc.c:381)
==357257==    by 0x10D23A: ft_strdup (in /home/rlaigle/minitest/minishell)
==357257==    by 0x10C9A7: copy_env (in /home/rlaigle/minitest/minishell)
==357257==    by 0x109304: init_shell (in /home/rlaigle/minitest/minishell)
==357257==    by 0x10944C: main (in /home/rlaigle/minitest/minishell)
==357257== 
==357257== LEAK SUMMARY:
==357257==    definitely lost: 0 bytes in 0 blocks
==357257==    indirectly lost: 0 bytes in 0 blocks
==357257==      possibly lost: 0 bytes in 0 blocks
==357257==    still reachable: 4,342 bytes in 39 blocks
==357257==         suppressed: 232,287 bytes in 238 blocks
==357257== 
==357257== For lists of detected and suppressed errors, rerun with: -s
==357257== ERROR SUMMARY: 0 errors from 0 contexts (suppressed: 0 from 0)
exit
==357256== 
==357256== FILE DESCRIPTORS: 3 open (3 std) at exit.
==357256== 
==357256== HEAP SUMMARY:
==357256==     in use at exit: 232,363 bytes in 244 blocks
==357256==   total heap usage: 559 allocs, 315 frees, 257,565 bytes allocated
==357256== 
==357256== 5 bytes in 1 blocks are still reachable in loss record 2 of 81
==357256==    at 0x48417B4: malloc (vg_replace_malloc.c:381)
==357256==    by 0x113794: cy_true_strdup (in /home/rlaigle/minitest/minishell)
==357256==    by 0x10FB4B: append_cmd2 (in /home/rlaigle/minitest/minishell)
==357256==    by 0x10FCB8: append_cmd (in /home/rlaigle/minitest/minishell)
==357256==    by 0x10F96F: cy2_convert_cmd1b (in /home/rlaigle/minitest/minishell)
==357256==    by 0x10F9A8: cy2_convert_cmd1a (in /home/rlaigle/minitest/minishell)
==357256==    by 0x10FA90: cy2_convert_cmd (in /home/rlaigle/minitest/minishell)
==357256==    by 0x1095C9: validate_and_convert_syntax (in /home/rlaigle/minitest/minishell)
==357256==    by 0x109643: process_line (in /home/rlaigle/minitest/minishell)
==357256==    by 0x1096D9: process_input_line (in /home/rlaigle/minitest/minishell)
==357256==    by 0x109412: shell_loop (in /home/rlaigle/minitest/minishell)
==357256==    by 0x10945D: main (in /home/rlaigle/minitest/minishell)
==357256== 
==357256== 16 bytes in 1 blocks are still reachable in loss record 15 of 81
==357256==    at 0x48417B4: malloc (vg_replace_malloc.c:381)
==357256==    by 0x10FC36: append_cmd1 (in /home/rlaigle/minitest/minishell)
==357256==    by 0x10FC98: append_cmd (in /home/rlaigle/minitest/minishell)
==357256==    by 0x10F96F: cy2_convert_cmd1b (in /home/rlaigle/minitest/minishell)
==357256==    by 0x10F9A8: cy2_convert_cmd1a (in /home/rlaigle/minitest/minishell)
==357256==    by 0x10FA90: cy2_convert_cmd (in /home/rlaigle/minitest/minishell)
==357256==    by 0x1095C9: validate_and_convert_syntax (in /home/rlaigle/minitest/minishell)
==357256==    by 0x109643: process_line (in /home/rlaigle/minitest/minishell)
==357256==    by 0x1096D9: process_input_line (in /home/rlaigle/minitest/minishell)
==357256==    by 0x109412: shell_loop (in /home/rlaigle/minitest/minishell)
==357256==    by 0x10945D: main (in /home/rlaigle/minitest/minishell)
==357256== 
==357256== 32 bytes in 1 blocks are still reachable in loss record 21 of 81
==357256==    at 0x48417B4: malloc (vg_replace_malloc.c:381)
==357256==    by 0x10FBFE: append_cmd1 (in /home/rlaigle/minitest/minishell)
==357256==    by 0x10FC98: append_cmd (in /home/rlaigle/minitest/minishell)
==357256==    by 0x10F96F: cy2_convert_cmd1b (in /home/rlaigle/minitest/minishell)
==357256==    by 0x10F9A8: cy2_convert_cmd1a (in /home/rlaigle/minitest/minishell)
==357256==    by 0x10FA90: cy2_convert_cmd (in /home/rlaigle/minitest/minishell)
==357256==    by 0x1095C9: validate_and_convert_syntax (in /home/rlaigle/minitest/minishell)
==357256==    by 0x109643: process_line (in /home/rlaigle/minitest/minishell)
==357256==    by 0x1096D9: process_input_line (in /home/rlaigle/minitest/minishell)
==357256==    by 0x109412: shell_loop (in /home/rlaigle/minitest/minishell)
==357256==    by 0x10945D: main (in /home/rlaigle/minitest/minishell)
==357256== 
==357256== LEAK SUMMARY:
==357256==    definitely lost: 0 bytes in 0 blocks
==357256==    indirectly lost: 0 bytes in 0 blocks
==357256==      possibly lost: 0 bytes in 0 blocks
==357256==    still reachable: 53 bytes in 3 blocks
==357256==         suppressed: 232,310 bytes in 241 blocks
==357256== 
==357256== For lists of detected and suppressed errors, rerun with: -s
==357256== ERROR SUMMARY: 0 errors from 0 contexts (suppressed: 0 from 0)
